[2019-01-09 09:55:37] [INFO] ***********************test_post_mobile_login1 START************************
[2019-01-09 09:55:37] [INFO] 获取到的用例信息为： [['post_mobile_login1', 'get', '/uac/auth/user/verificationCode', "{'Content-Type':'application/json'}", {'mobileNo': '18221629114', 'action': 'login', 'ngTest': 'ngTest'}, 1.0, 200.0, '操作成功', '已注册用户获取验证码登录'], ['', 'post', '/uac/auth/mobile', "{'Content-Type':'application/x-www-form-urlencoded','Authorization':'Basic cGFhc2Nsb3VkLWNsaWVudC11YWM6cGFhc2Nsb3VkQ2xpZW50U2VjcmV0'}", {'mobile': '18221629114', 'smsCode': '9114'}, 1.0, 200.0, '操作成功', '']]
[2019-01-09 09:55:37] [INFO] 第一步获取验证码
[2019-01-09 09:55:40] [INFO] 第一步返回的请求内容为： {'code': 200, 'message': '操作成功', 'result': None, 'success': True}
[2019-01-09 09:55:40] [INFO] 第二步登录
[2019-01-09 09:55:41] [INFO] 返回的请求内容为： {'code': 200, 'message': '操作成功', 'result': {'access_token': 'eyJhbGciOiJIUzI1NiIsInR5cCI6IkpXVCJ9.eyJ1c2VyX25hbWUiOiIxODIyMTYyOTExNCIsInNjb3BlIjpbIioiXSwibG9naW5OYW1lIjoiMTgyMjE2MjkxMTQiLCJpZCI6NTA4Mzc2MjYxODg2NzQxNTA0LCJleHAiOjE1NDk1OTA5MzgsInVzZXJOYW1lIjoi5YWs54mb5pm65a62IiwianRpIjoiY2FlN2Y1M2YtNGJlZS00N2QyLWJkODUtOWNiMTc3ZDA2ZjQzIiwiYXV0aElkIjoiIiwiY2xpZW50X2lkIjoicGFhc2Nsb3VkLWNsaWVudC11YWMiLCJ0aW1lc3RhbXAiOjE1NDY5OTg5MzgzNzd9.-hsb1xPn7pCsJ5x3-uOU3zVG89SIw6CszClDfDrrYbE', 'token_type': 'bearer', 'refresh_token': 'eyJhbGciOiJIUzI1NiIsInR5cCI6IkpXVCJ9.eyJ1c2VyX25hbWUiOiIxODIyMTYyOTExNCIsInNjb3BlIjpbIioiXSwibG9naW5OYW1lIjoiMTgyMjE2MjkxMTQiLCJhdGkiOiJjYWU3ZjUzZi00YmVlLTQ3ZDItYmQ4NS05Y2IxNzdkMDZmNDMiLCJpZCI6NTA4Mzc2MjYxODg2NzQxNTA0LCJleHAiOjE1NTIxODI5MzgsInVzZXJOYW1lIjoi5YWs54mb5pm65a62IiwianRpIjoiMjY1MTcyNjUtMDI3MS00YmY1LWE0YzctM2M0NWMwOGI1YjBmIiwiYXV0aElkIjoiIiwiY2xpZW50X2lkIjoicGFhc2Nsb3VkLWNsaWVudC11YWMiLCJ0aW1lc3RhbXAiOjE1NDY5OTg5MzgzNzd9.vdtPjBD3Bw9h6LTzglwb41w9SO8zGaqzyvjBHc4iknU', 'expires_in': 2591999, 'scope': '*', 'id': 508376261886741504, 'userName': '公牛智家', 'authId': '', 'timestamp': 1546998938377, 'loginName': '18221629114', 'jti': 'cae7f53f-4bee-47d2-bd85-9cb177d06f43'}, 'success': True}
[2019-01-09 09:55:41] [INFO] ***********************test_post_mobile_login1 END**************************
[2019-01-09 09:55:41] [INFO] ***********************test_post_mobile_login2 START************************
[2019-01-09 09:55:41] [INFO] 获取到的用例信息为： [['post_mobile_login2', 'get', '/uac/auth/user/verificationCode', "{'Content-Type':'application/json'}", {'mobileNo': '18221629115', 'action': 'login', 'ngTest': 'ngTest'}, 1.0, 901003.0, '手机号未注册', '未注册过的用户获取验证码登录'], ['', 'post', '/uac/auth/mobile', "{'Content-Type':'application/x-www-form-urlencoded','Authorization':'Basic cGFhc2Nsb3VkLWNsaWVudC11YWM6cGFhc2Nsb3VkQ2xpZW50U2VjcmV0'}", {'mobile': '18221629115', 'smsCode': '9115'}, 1.0, 200.0, '操作成功', '']]
[2019-01-09 09:55:41] [INFO] 第一步获取验证码
[2019-01-09 09:55:43] [INFO] 第一步返回的请求内容为： {'code': 901003, 'message': '手机号未注册,mobile=18221629115', 'result': None, 'success': False}
[2019-01-09 09:55:43] [INFO] 第二步登录
[2019-01-09 09:55:43] [INFO] 返回的请求内容为： {'code': 10101001, 'message': '验证码错误', 'result': None, 'success': False}
[2019-01-09 09:55:43] [INFO] ***********************test_post_mobile_login2 END**************************
[2019-01-09 09:55:43] [INFO] ***********************post_password_login1 START************************
[2019-01-09 09:55:43] [INFO] 获取到的用例信息为： ['post_password_login1', 'post', '/uac/auth/form', "{'Content-Type':'application/x-www-form-urlencoded','Authorization':'Basic cGFhc2Nsb3VkLWNsaWVudC11YWM6cGFhc2Nsb3VkQ2xpZW50U2VjcmV0'}", {'username': '18221629114', 'password': '333333'}, 1.0, 200.0, '操作成功', '登录时账号和密码均正确']
[2019-01-09 09:55:44] [INFO] 返回的请求内容为： {'code': 200, 'message': '操作成功', 'result': {'access_token': 'eyJhbGciOiJIUzI1NiIsInR5cCI6IkpXVCJ9.eyJ1c2VyX25hbWUiOiIxODIyMTYyOTExNCIsInNjb3BlIjpbIioiXSwibG9naW5OYW1lIjoiMTgyMjE2MjkxMTQiLCJpZCI6NTA4Mzc2MjYxODg2NzQxNTA0LCJleHAiOjE1NDk1OTA5NDEsInVzZXJOYW1lIjoi5YWs54mb5pm65a62IiwianRpIjoiNGYyNTMwZmItNmMxZi00MTNhLTljNTEtYjY1OGM2M2JkM2M1IiwiYXV0aElkIjoiIiwiY2xpZW50X2lkIjoicGFhc2Nsb3VkLWNsaWVudC11YWMiLCJ0aW1lc3RhbXAiOjE1NDY5OTg5NDE0MjB9._vnw-UyXDRtQoxCFKg52yS8tmzP75GJATG5kxF0IEYc', 'token_type': 'bearer', 'refresh_token': 'eyJhbGciOiJIUzI1NiIsInR5cCI6IkpXVCJ9.eyJ1c2VyX25hbWUiOiIxODIyMTYyOTExNCIsInNjb3BlIjpbIioiXSwibG9naW5OYW1lIjoiMTgyMjE2MjkxMTQiLCJhdGkiOiI0ZjI1MzBmYi02YzFmLTQxM2EtOWM1MS1iNjU4YzYzYmQzYzUiLCJpZCI6NTA4Mzc2MjYxODg2NzQxNTA0LCJleHAiOjE1NTIxODI5NDEsInVzZXJOYW1lIjoi5YWs54mb5pm65a62IiwianRpIjoiNmFhYjJkMTItNjA1MS00MmUwLWFiNTgtZmUxMDU5MTU2NGM5IiwiYXV0aElkIjoiIiwiY2xpZW50X2lkIjoicGFhc2Nsb3VkLWNsaWVudC11YWMiLCJ0aW1lc3RhbXAiOjE1NDY5OTg5NDE0MjB9.MVoOQ2rMdVKbcYxAzXSfKnNz9AXe2wtlJK8iF7qjepc', 'expires_in': 2591999, 'scope': '*', 'id': 508376261886741504, 'userName': '公牛智家', 'authId': '', 'timestamp': 1546998941420, 'loginName': '18221629114', 'jti': '4f2530fb-6c1f-413a-9c51-b658c63bd3c5'}, 'success': True}
[2019-01-09 09:55:44] [INFO] ***********************post_password_login1 END**************************
[2019-01-09 09:55:44] [INFO] ***********************post_password_login2 START************************
[2019-01-09 09:55:44] [INFO] 获取到的用例信息为： ['post_password_login2', 'post', '/uac/auth/form', "{'Content-Type':'application/x-www-form-urlencoded','Authorization':'Basic cGFhc2Nsb3VkLWNsaWVudC11YWM6cGFhc2Nsb3VkQ2xpZW50U2VjcmV0'}", {'username': '18221629114', 'password': '666666'}, 1.0, 500.0, '密码错误', '登录时账号密码错误']
[2019-01-09 09:55:44] [INFO] 返回的请求内容为： {'code': 500, 'message': '密码错误', 'result': None, 'success': False}
[2019-01-09 09:55:44] [INFO] ***********************post_password_login2 END**************************
[2019-01-09 09:55:44] [INFO] ***********************post_password_login3 START************************
[2019-01-09 09:55:44] [INFO] 获取到的用例信息为： ['post_password_login3', 'post', '/uac/auth/form', "{'Content-Type':'application/x-www-form-urlencoded','Authorization':'Basic cGFhc2Nsb3VkLWNsaWVudC11YWM6cGFhc2Nsb3VkQ2xpZW50U2VjcmV0'}", {'username': '18221629110', 'password': '666666'}, 1.0, 500.0, '用户名不存在', '登录时账号未注册']
[2019-01-09 09:55:44] [INFO] 返回的请求内容为： {'code': 500, 'message': '用户名不存在', 'result': None, 'success': False}
[2019-01-09 09:55:44] [INFO] ***********************post_password_login3 END**************************
